{"message":"Unauthorized request to path: /favicon.ico","level":"error"}
{"message":"Unauthorized request to path: /favicon.ico","level":"error"}
{"message":"Unauthorized request to path: /card/1","level":"error"}
{"message":"Card with id 2 not found.","level":"error"}
{"message":"List with id 2 not found.","level":"error"}
{"message":"Title is required","level":"error"}
{"message":"Title is required","level":"error"}
{"message":"Title is required","level":"error"}
{"message":"Title is required","level":"error"}
{"message":"Title is required","level":"error"}
{"message":"Title is required","level":"error"}
{"message":"Header is required","level":"error"}
{"message":"Header is required","level":"error"}
{"message":"Header is required","level":"error"}
{"message":"Header is required","level":"error"}
{"message":"Title is required","level":"error"}
{"message":"Title is required","level":"error"}
{"message":"Title is required","level":"error"}
{"message":"Title is required","level":"error"}
{"message":"Title is required","level":"error"}
{"message":"Title is required","level":"error"}
{"message":"Title is required","level":"error"}
{"message":"Title is required","level":"error"}
{"message":"Title is required","level":"error"}
{"message":"Card with id 65ad268f-18dd-489d-a790-3ad982a16dca created","level":"info"}
{"message":"Card with id 2 not found in cards array.","level":"error"}
{"message":"Header is required","level":"error"}
{"message":"Header is required","level":"error"}
{"message":"List with id 8c13b74b-e88a-4b05-9c27-51d3eb9901ed created","level":"info"}
{"message":"List with id 136a0e97-f0f1-4850-9aa0-a8c4a4d53016 created","level":"info"}
{"message":"Card with id 4e247324-752e-416b-ba82-c4a976f215f8 created","level":"info"}
{"message":"Card with id id=4e247324-752e-416b-ba82-c4a976f215f8 not found.","level":"error"}
{"message":"Card with id 4e247324-752e-416b-ba82-c4a976f215f8 deleted.","level":"info"}
{"message":"List with id 136a0e97-f0f1-4850-9aa0-a8c4a4d53016 deleted.","level":"info"}
